Analysis & Synthesis report for DDR
Tue Nov 27 21:44:49 2018
Quartus II 32-bit Version 13.0.1 Build 232 06/12/2013 Service Pack 1 SJ Web Edition


---------------------
; Table of Contents ;
---------------------
  1. Legal Notice
  2. Analysis & Synthesis Summary
  3. Analysis & Synthesis Settings
  4. Parallel Compilation
  5. Analysis & Synthesis Source Files Read
  6. Analysis & Synthesis Resource Usage Summary
  7. Analysis & Synthesis Resource Utilization by Entity
  8. Registers Removed During Synthesis
  9. Removed Registers Triggering Further Register Optimizations
 10. General Register Statistics
 11. Multiplexer Restructuring Statistics (Restructuring Performed)
 12. Port Connectivity Checks: "scoring:scoring0|levelToPulse:l2p_4"
 13. Port Connectivity Checks: "scoring:scoring0"
 14. Port Connectivity Checks: "stepShiftRegister:stepReg"
 15. Elapsed Time Per Partition
 16. Analysis & Synthesis Messages



----------------
; Legal Notice ;
----------------
Copyright (C) 1991-2013 Altera Corporation
Your use of Altera Corporation's design tools, logic functions 
and other software and tools, and its AMPP partner logic 
functions, and any output files from any of the foregoing 
(including device programming or simulation files), and any 
associated documentation or information are expressly subject 
to the terms and conditions of the Altera Program License 
Subscription Agreement, Altera MegaCore Function License 
Agreement, or other applicable license agreement, including, 
without limitation, that your use is for the sole purpose of 
programming logic devices manufactured by Altera and sold by 
Altera or its authorized distributors.  Please refer to the 
applicable agreement for further details.



+--------------------------------------------------------------------------------------+
; Analysis & Synthesis Summary                                                         ;
+------------------------------------+-------------------------------------------------+
; Analysis & Synthesis Status        ; Successful - Tue Nov 27 21:44:49 2018           ;
; Quartus II 32-bit Version          ; 13.0.1 Build 232 06/12/2013 SP 1 SJ Web Edition ;
; Revision Name                      ; DDR                                             ;
; Top-level Entity Name              ; DDR                                             ;
; Family                             ; Cyclone IV E                                    ;
; Total logic elements               ; 78                                              ;
;     Total combinational functions  ; 78                                              ;
;     Dedicated logic registers      ; 58                                              ;
; Total registers                    ; 58                                              ;
; Total pins                         ; 25                                              ;
; Total virtual pins                 ; 0                                               ;
; Total memory bits                  ; 0                                               ;
; Embedded Multiplier 9-bit elements ; 0                                               ;
; Total PLLs                         ; 0                                               ;
+------------------------------------+-------------------------------------------------+


+----------------------------------------------------------------------------------------------------------------------+
; Analysis & Synthesis Settings                                                                                        ;
+----------------------------------------------------------------------------+--------------------+--------------------+
; Option                                                                     ; Setting            ; Default Value      ;
+----------------------------------------------------------------------------+--------------------+--------------------+
; Device                                                                     ; EP4CE6E22C8        ;                    ;
; Top-level entity name                                                      ; DDR                ; DDR                ;
; Family name                                                                ; Cyclone IV E       ; Cyclone IV GX      ;
; Use smart compilation                                                      ; Off                ; Off                ;
; Enable parallel Assembler and TimeQuest Timing Analyzer during compilation ; On                 ; On                 ;
; Enable compact report table                                                ; Off                ; Off                ;
; Restructure Multiplexers                                                   ; Auto               ; Auto               ;
; Create Debugging Nodes for IP Cores                                        ; Off                ; Off                ;
; Preserve fewer node names                                                  ; On                 ; On                 ;
; Disable OpenCore Plus hardware evaluation                                  ; Off                ; Off                ;
; Verilog Version                                                            ; Verilog_2001       ; Verilog_2001       ;
; VHDL Version                                                               ; VHDL_1993          ; VHDL_1993          ;
; State Machine Processing                                                   ; Auto               ; Auto               ;
; Safe State Machine                                                         ; Off                ; Off                ;
; Extract Verilog State Machines                                             ; On                 ; On                 ;
; Extract VHDL State Machines                                                ; On                 ; On                 ;
; Ignore Verilog initial constructs                                          ; Off                ; Off                ;
; Iteration limit for constant Verilog loops                                 ; 5000               ; 5000               ;
; Iteration limit for non-constant Verilog loops                             ; 250                ; 250                ;
; Add Pass-Through Logic to Inferred RAMs                                    ; On                 ; On                 ;
; Infer RAMs from Raw Logic                                                  ; On                 ; On                 ;
; Parallel Synthesis                                                         ; On                 ; On                 ;
; DSP Block Balancing                                                        ; Auto               ; Auto               ;
; NOT Gate Push-Back                                                         ; On                 ; On                 ;
; Power-Up Don't Care                                                        ; On                 ; On                 ;
; Remove Redundant Logic Cells                                               ; Off                ; Off                ;
; Remove Duplicate Registers                                                 ; On                 ; On                 ;
; Ignore CARRY Buffers                                                       ; Off                ; Off                ;
; Ignore CASCADE Buffers                                                     ; Off                ; Off                ;
; Ignore GLOBAL Buffers                                                      ; Off                ; Off                ;
; Ignore ROW GLOBAL Buffers                                                  ; Off                ; Off                ;
; Ignore LCELL Buffers                                                       ; Off                ; Off                ;
; Ignore SOFT Buffers                                                        ; On                 ; On                 ;
; Limit AHDL Integers to 32 Bits                                             ; Off                ; Off                ;
; Optimization Technique                                                     ; Balanced           ; Balanced           ;
; Carry Chain Length                                                         ; 70                 ; 70                 ;
; Auto Carry Chains                                                          ; On                 ; On                 ;
; Auto Open-Drain Pins                                                       ; On                 ; On                 ;
; Perform WYSIWYG Primitive Resynthesis                                      ; Off                ; Off                ;
; Auto ROM Replacement                                                       ; On                 ; On                 ;
; Auto RAM Replacement                                                       ; On                 ; On                 ;
; Auto DSP Block Replacement                                                 ; On                 ; On                 ;
; Auto Shift Register Replacement                                            ; Auto               ; Auto               ;
; Allow Shift Register Merging across Hierarchies                            ; Auto               ; Auto               ;
; Auto Clock Enable Replacement                                              ; On                 ; On                 ;
; Strict RAM Replacement                                                     ; Off                ; Off                ;
; Allow Synchronous Control Signals                                          ; On                 ; On                 ;
; Force Use of Synchronous Clear Signals                                     ; Off                ; Off                ;
; Auto RAM Block Balancing                                                   ; On                 ; On                 ;
; Auto RAM to Logic Cell Conversion                                          ; Off                ; Off                ;
; Auto Resource Sharing                                                      ; Off                ; Off                ;
; Allow Any RAM Size For Recognition                                         ; Off                ; Off                ;
; Allow Any ROM Size For Recognition                                         ; Off                ; Off                ;
; Allow Any Shift Register Size For Recognition                              ; Off                ; Off                ;
; Use LogicLock Constraints during Resource Balancing                        ; On                 ; On                 ;
; Ignore translate_off and synthesis_off directives                          ; Off                ; Off                ;
; Timing-Driven Synthesis                                                    ; On                 ; On                 ;
; Report Parameter Settings                                                  ; On                 ; On                 ;
; Report Source Assignments                                                  ; On                 ; On                 ;
; Report Connectivity Checks                                                 ; On                 ; On                 ;
; Ignore Maximum Fan-Out Assignments                                         ; Off                ; Off                ;
; Synchronization Register Chain Length                                      ; 2                  ; 2                  ;
; PowerPlay Power Optimization                                               ; Normal compilation ; Normal compilation ;
; HDL message level                                                          ; Level2             ; Level2             ;
; Suppress Register Optimization Related Messages                            ; Off                ; Off                ;
; Number of Removed Registers Reported in Synthesis Report                   ; 5000               ; 5000               ;
; Number of Swept Nodes Reported in Synthesis Report                         ; 5000               ; 5000               ;
; Number of Inverted Registers Reported in Synthesis Report                  ; 100                ; 100                ;
; Clock MUX Protection                                                       ; On                 ; On                 ;
; Auto Gated Clock Conversion                                                ; Off                ; Off                ;
; Block Design Naming                                                        ; Auto               ; Auto               ;
; SDC constraint protection                                                  ; Off                ; Off                ;
; Synthesis Effort                                                           ; Auto               ; Auto               ;
; Shift Register Replacement - Allow Asynchronous Clear Signal               ; On                 ; On                 ;
; Pre-Mapping Resynthesis Optimization                                       ; Off                ; Off                ;
; Analysis & Synthesis Message Level                                         ; Medium             ; Medium             ;
; Disable Register Merging Across Hierarchies                                ; Auto               ; Auto               ;
; Resource Aware Inference For Block RAM                                     ; On                 ; On                 ;
; Synthesis Seed                                                             ; 1                  ; 1                  ;
+----------------------------------------------------------------------------+--------------------+--------------------+


Parallel compilation was disabled, but you have multiple processors available. Enable parallel compilation to reduce compilation time.
+-------------------------------------+
; Parallel Compilation                ;
+----------------------------+--------+
; Processors                 ; Number ;
+----------------------------+--------+
; Number detected on machine ; 8      ;
; Maximum allowed            ; 1      ;
+----------------------------+--------+


+-----------------------------------------------------------------------------------------------------------------------------------------------------+
; Analysis & Synthesis Source Files Read                                                                                                              ;
+----------------------------------+-----------------+------------------------------------+-------------------------------------------------+---------+
; File Name with User-Entered Path ; Used in Netlist ; File Type                          ; File Name with Absolute Path                    ; Library ;
+----------------------------------+-----------------+------------------------------------+-------------------------------------------------+---------+
; DDR.sv                           ; yes             ; User SystemVerilog HDL File        ; C:/Users/dlinn/Desktop/DDR/DDR.sv               ;         ;
; colMuxer.sv                      ; yes             ; User SystemVerilog HDL File        ; C:/Users/dlinn/Desktop/DDR/colMuxer.sv          ;         ;
; stepShiftRegister.sv             ; yes             ; User SystemVerilog HDL File        ; C:/Users/dlinn/Desktop/DDR/stepShiftRegister.sv ;         ;
; levelToPulse.sv                  ; yes             ; User SystemVerilog HDL File        ; C:/Users/dlinn/Desktop/DDR/levelToPulse.sv      ;         ;
; scoring.sv                       ; yes             ; Auto-Found SystemVerilog HDL File  ; C:/Users/dlinn/Desktop/DDR/scoring.sv           ;         ;
+----------------------------------+-----------------+------------------------------------+-------------------------------------------------+---------+


+-----------------------------------------------------------+
; Analysis & Synthesis Resource Usage Summary               ;
+---------------------------------------------+-------------+
; Resource                                    ; Usage       ;
+---------------------------------------------+-------------+
; Estimated Total logic elements              ; 78          ;
;                                             ;             ;
; Total combinational functions               ; 78          ;
; Logic element usage by number of LUT inputs ;             ;
;     -- 4 input functions                    ; 24          ;
;     -- 3 input functions                    ; 3           ;
;     -- <=2 input functions                  ; 51          ;
;                                             ;             ;
; Logic elements by mode                      ;             ;
;     -- normal mode                          ; 63          ;
;     -- arithmetic mode                      ; 15          ;
;                                             ;             ;
; Total registers                             ; 58          ;
;     -- Dedicated logic registers            ; 58          ;
;     -- I/O registers                        ; 0           ;
;                                             ;             ;
; I/O pins                                    ; 25          ;
; Embedded Multiplier 9-bit elements          ; 0           ;
; Maximum fan-out node                        ; reset~input ;
; Maximum fan-out                             ; 59          ;
; Total fan-out                               ; 420         ;
; Average fan-out                             ; 2.26        ;
+---------------------------------------------+-------------+


+------------------------------------------------------------------------------------------------------------------------------------------------------------------------------------------------------+
; Analysis & Synthesis Resource Utilization by Entity                                                                                                                                                  ;
+--------------------------------+-------------------+--------------+-------------+--------------+---------+-----------+------+--------------+------------------------------------------+--------------+
; Compilation Hierarchy Node     ; LC Combinationals ; LC Registers ; Memory Bits ; DSP Elements ; DSP 9x9 ; DSP 18x18 ; Pins ; Virtual Pins ; Full Hierarchy Name                      ; Library Name ;
+--------------------------------+-------------------+--------------+-------------+--------------+---------+-----------+------+--------------+------------------------------------------+--------------+
; |DDR                           ; 78 (16)           ; 58 (16)      ; 0           ; 0            ; 0       ; 0         ; 25   ; 0            ; |DDR                                     ; work         ;
;    |colMuxer:colMux|           ; 4 (4)             ; 4 (4)        ; 0           ; 0            ; 0       ; 0         ; 0    ; 0            ; |DDR|colMuxer:colMux                     ; work         ;
;    |levelToPulse:l2p|          ; 2 (2)             ; 2 (2)        ; 0           ; 0            ; 0       ; 0         ; 0    ; 0            ; |DDR|levelToPulse:l2p                    ; work         ;
;    |scoring:scoring0|          ; 5 (3)             ; 4 (2)        ; 0           ; 0            ; 0       ; 0         ; 0    ; 0            ; |DDR|scoring:scoring0                    ; work         ;
;       |levelToPulse:l2p_4|     ; 2 (2)             ; 2 (2)        ; 0           ; 0            ; 0       ; 0         ; 0    ; 0            ; |DDR|scoring:scoring0|levelToPulse:l2p_4 ; work         ;
;    |stepShiftRegister:stepReg| ; 51 (51)           ; 32 (32)      ; 0           ; 0            ; 0       ; 0         ; 0    ; 0            ; |DDR|stepShiftRegister:stepReg           ; work         ;
+--------------------------------+-------------------+--------------+-------------+--------------+---------+-----------+------+--------------+------------------------------------------+--------------+
Note: For table entries with two numbers listed, the numbers in parentheses indicate the number of resources of the given type used by the specific entity alone. The numbers listed outside of parentheses indicate the total resources of the given type used by the specific entity and all of its sub-entities in the hierarchy.


+-------------------------------------------------------------------------------------------+
; Registers Removed During Synthesis                                                        ;
+--------------------------------------------------+----------------------------------------+
; Register name                                    ; Reason for Removal                     ;
+--------------------------------------------------+----------------------------------------+
; scoring:scoring0|levelToPulse:l2p_4|state[2..31] ; Stuck at GND due to stuck port data_in ;
; scoring:scoring0|levelToPulse:l2p_3|state[2..31] ; Stuck at GND due to stuck port data_in ;
; scoring:scoring0|levelToPulse:l2p_2|state[2..31] ; Stuck at GND due to stuck port data_in ;
; scoring:scoring0|levelToPulse:l2p_1|state[2..31] ; Stuck at GND due to stuck port data_in ;
; scoring:scoring0|levelToPulse:l2p_0|state[2..31] ; Stuck at GND due to stuck port data_in ;
; levelToPulse:l2p|state[2..31]                    ; Stuck at GND due to stuck port data_in ;
; scoring:scoring0|levelToPulse:l2p_3|state[0,1]   ; Stuck at GND due to stuck port data_in ;
; scoring:scoring0|levelToPulse:l2p_2|state[0,1]   ; Stuck at GND due to stuck port data_in ;
; scoring:scoring0|levelToPulse:l2p_1|state[0,1]   ; Stuck at GND due to stuck port data_in ;
; scoring:scoring0|levelToPulse:l2p_0|state[0,1]   ; Stuck at GND due to stuck port data_in ;
; scoring:scoring0|buttonPressedDuringStep[0..3]   ; Stuck at GND due to stuck port data_in ;
; scoring:scoring0|redLed                          ; Stuck at GND due to stuck port data_in ;
; Total Number of Removed Registers = 193          ;                                        ;
+--------------------------------------------------+----------------------------------------+


+---------------------------------------------------------------------------------------------------------------------------+
; Removed Registers Triggering Further Register Optimizations                                                               ;
+-----------------------------------------------+---------------------------+-----------------------------------------------+
; Register name                                 ; Reason for Removal        ; Registers Removed due to This Register        ;
+-----------------------------------------------+---------------------------+-----------------------------------------------+
; scoring:scoring0|levelToPulse:l2p_3|state[31] ; Stuck at GND              ; scoring:scoring0|levelToPulse:l2p_3|state[1], ;
;                                               ; due to stuck port data_in ; scoring:scoring0|levelToPulse:l2p_3|state[0], ;
;                                               ;                           ; scoring:scoring0|buttonPressedDuringStep[3]   ;
; scoring:scoring0|levelToPulse:l2p_2|state[31] ; Stuck at GND              ; scoring:scoring0|levelToPulse:l2p_2|state[1], ;
;                                               ; due to stuck port data_in ; scoring:scoring0|levelToPulse:l2p_2|state[0], ;
;                                               ;                           ; scoring:scoring0|buttonPressedDuringStep[2]   ;
; scoring:scoring0|levelToPulse:l2p_1|state[31] ; Stuck at GND              ; scoring:scoring0|levelToPulse:l2p_1|state[1], ;
;                                               ; due to stuck port data_in ; scoring:scoring0|levelToPulse:l2p_1|state[0], ;
;                                               ;                           ; scoring:scoring0|buttonPressedDuringStep[1]   ;
; scoring:scoring0|levelToPulse:l2p_0|state[31] ; Stuck at GND              ; scoring:scoring0|levelToPulse:l2p_0|state[1], ;
;                                               ; due to stuck port data_in ; scoring:scoring0|levelToPulse:l2p_0|state[0], ;
;                                               ;                           ; scoring:scoring0|buttonPressedDuringStep[0]   ;
; scoring:scoring0|levelToPulse:l2p_4|state[31] ; Stuck at GND              ; scoring:scoring0|redLed                       ;
;                                               ; due to stuck port data_in ;                                               ;
+-----------------------------------------------+---------------------------+-----------------------------------------------+


+------------------------------------------------------+
; General Register Statistics                          ;
+----------------------------------------------+-------+
; Statistic                                    ; Value ;
+----------------------------------------------+-------+
; Total registers                              ; 58    ;
; Number of registers using Synchronous Clear  ; 20    ;
; Number of registers using Synchronous Load   ; 1     ;
; Number of registers using Asynchronous Clear ; 4     ;
; Number of registers using Asynchronous Load  ; 0     ;
; Number of registers using Clock Enable       ; 32    ;
; Number of registers using Preset             ; 0     ;
+----------------------------------------------+-------+


+-------------------------------------------------------------------------------------------------------------------------------------------------------+
; Multiplexer Restructuring Statistics (Restructuring Performed)                                                                                        ;
+--------------------+-----------+---------------+----------------------+------------------------+------------+-----------------------------------------+
; Multiplexer Inputs ; Bus Width ; Baseline Area ; Area if Restructured ; Saving if Restructured ; Registered ; Example Multiplexer Output              ;
+--------------------+-----------+---------------+----------------------+------------------------+------------+-----------------------------------------+
; 3:1                ; 32 bits   ; 64 LEs        ; 32 LEs               ; 32 LEs                 ; Yes        ; |DDR|stepShiftRegister:stepReg|step5[1] ;
; 16:1               ; 8 bits    ; 80 LEs        ; 16 LEs               ; 64 LEs                 ; No         ; |DDR|stepShiftRegister:stepReg|Mux5     ;
+--------------------+-----------+---------------+----------------------+------------------------+------------+-----------------------------------------+


+-----------------------------------------------------------------+
; Port Connectivity Checks: "scoring:scoring0|levelToPulse:l2p_4" ;
+------+-------+----------+---------------------------------------+
; Port ; Type  ; Severity ; Details                               ;
+------+-------+----------+---------------------------------------+
; a    ; Input ; Info     ; Stuck at VCC                          ;
+------+-------+----------+---------------------------------------+


+---------------------------------------------------------------------------------------------------------------------------------------------------------------------------------------------------------------+
; Port Connectivity Checks: "scoring:scoring0"                                                                                                                                                                  ;
+--------+--------+----------+----------------------------------------------------------------------------------------------------------------------------------------------------------------------------------+
; Port   ; Type   ; Severity ; Details                                                                                                                                                                          ;
+--------+--------+----------+----------------------------------------------------------------------------------------------------------------------------------------------------------------------------------+
; step   ; Input  ; Warning  ; Input port expression (4 bits) is wider than the input port (1 bits) it drives.  The 3 most-significant bit(s) in the expression will be dangling if they have no other fanouts. ;
; button ; Input  ; Warning  ; Input port expression (1 bits) is smaller than the input port (4 bits) it drives.  Extra input bit(s) "button[3..1]" will be connected to GND.                                   ;
; score  ; Output ; Info     ; Connected to dangling logic. Logic that only feeds a dangling port will be removed.                                                                                              ;
+--------+--------+----------+----------------------------------------------------------------------------------------------------------------------------------------------------------------------------------+


+----------------------------------------------------------------------------------------------------------------------------+
; Port Connectivity Checks: "stepShiftRegister:stepReg"                                                                      ;
+------------------+--------+----------+-------------------------------------------------------------------------------------+
; Port             ; Type   ; Severity ; Details                                                                             ;
+------------------+--------+----------+-------------------------------------------------------------------------------------+
; actionStep[3..1] ; Output ; Info     ; Connected to dangling logic. Logic that only feeds a dangling port will be removed. ;
+------------------+--------+----------+-------------------------------------------------------------------------------------+


+-------------------------------+
; Elapsed Time Per Partition    ;
+----------------+--------------+
; Partition Name ; Elapsed Time ;
+----------------+--------------+
; Top            ; 00:00:00     ;
+----------------+--------------+


+-------------------------------+
; Analysis & Synthesis Messages ;
+-------------------------------+
Info: *******************************************************************
Info: Running Quartus II 32-bit Analysis & Synthesis
    Info: Version 13.0.1 Build 232 06/12/2013 Service Pack 1 SJ Web Edition
    Info: Processing started: Tue Nov 27 21:44:46 2018
Info: Command: quartus_map --read_settings_files=on --write_settings_files=off DDR -c DDR
Warning (20028): Parallel compilation is not licensed and has been disabled
Info (12021): Found 1 design units, including 1 entities, in source file ddr.sv
    Info (12023): Found entity 1: DDR
Info (12021): Found 1 design units, including 1 entities, in source file colmuxer.sv
    Info (12023): Found entity 1: colMuxer
Info (12021): Found 1 design units, including 1 entities, in source file stepshiftregister.sv
    Info (12023): Found entity 1: stepShiftRegister
Info (12021): Found 1 design units, including 1 entities, in source file leveltopulse.sv
    Info (12023): Found entity 1: levelToPulse
Warning (10236): Verilog HDL Implicit Net warning at DDR.sv(32): created implicit net for "button"
Info (12127): Elaborating entity "DDR" for the top level hierarchy
Warning (10230): Verilog HDL assignment warning at DDR.sv(19): truncated value with size 32 to match size of target (16)
Info (12128): Elaborating entity "levelToPulse" for hierarchy "levelToPulse:l2p"
Info (12128): Elaborating entity "colMuxer" for hierarchy "colMuxer:colMux"
Info (10264): Verilog HDL Case Statement information at colMuxer.sv(12): all case item expressions in this case statement are onehot
Info (12128): Elaborating entity "stepShiftRegister" for hierarchy "stepShiftRegister:stepReg"
Info (10264): Verilog HDL Case Statement information at stepShiftRegister.sv(36): all case item expressions in this case statement are onehot
Warning (12125): Using design file scoring.sv, which is not specified as a design file for the current project, but contains definitions for 1 design units and 1 entities in project
    Info (12023): Found entity 1: scoring
Warning (10236): Verilog HDL Implicit Net warning at scoring.sv(66): created implicit net for "bpmClk"
Info (12128): Elaborating entity "scoring" for hierarchy "scoring:scoring0"
Warning (10036): Verilog HDL or VHDL warning at scoring.sv(18): object "beatTime" assigned a value but never read
Warning (10036): Verilog HDL or VHDL warning at scoring.sv(19): object "button0Time" assigned a value but never read
Warning (10036): Verilog HDL or VHDL warning at scoring.sv(20): object "button1Time" assigned a value but never read
Warning (10036): Verilog HDL or VHDL warning at scoring.sv(21): object "button2Time" assigned a value but never read
Warning (10036): Verilog HDL or VHDL warning at scoring.sv(22): object "button3Time" assigned a value but never read
Warning (10030): Net "bpmClk" at scoring.sv(66) has no driver or initial value, using a default initial value '0'
Warning (12241): 1 hierarchies have connectivity warnings - see the Connectivity Checks report folder
Warning (13024): Output pins are stuck at VCC or GND
    Warning (13410): Pin "redLed" is stuck at GND
Info (286030): Timing-Driven Synthesis is running
Info (16010): Generating hard_block partition "hard_block:auto_generated_inst"
    Info (16011): Adding 0 node(s), including 0 DDIO, 0 PLL, 0 transceiver and 0 LCELL
Info (21057): Implemented 104 device resources after synthesis - the final resource count might be different
    Info (21058): Implemented 7 input pins
    Info (21059): Implemented 18 output pins
    Info (21061): Implemented 79 logic cells
Info: Quartus II 32-bit Analysis & Synthesis was successful. 0 errors, 14 warnings
    Info: Peak virtual memory: 384 megabytes
    Info: Processing ended: Tue Nov 27 21:44:49 2018
    Info: Elapsed time: 00:00:03
    Info: Total CPU time (on all processors): 00:00:01


